<testsuite failures="0" name="src/test/java/Features/Ornek.feature" skipped="0" tests="1" time="1.091692">
  <testcase classname="src.test.java.Features.Ornek" name="Def operation" time="1.091692">
    <system-out>* def baseUrl = 'https://petstore.swagger.io/v2' .......................... passed
* def requestBody = read('../json/Ornek.json') ............................ passed
Given url baseUrl ......................................................... passed
And path '/pet' ........................................................... passed
And request requestBody ................................................... passed
When method Post .......................................................... passed
And match response.name == "doggie" ....................................... passed
And print response ........................................................ passed</system-out>
  </testcase>
</testsuite>
